1

 ---------------------------------------
 RADIAL COMPONENT OF OBSERVER'S VELOCITY
 ---------------------------------------

 Units: km/s

 Sign convention:
    +ve means the observer is moving away from the position:  to correct
    an observed radial velocity to one of the given rest standards,
    SUBTRACT the appropriate tabulated value.

 Local Standards of Rest:
   Two forms of LSR are provided for.  LSR (K) is a "kinematical" LSR and
   (loosely) refers to the average motion of nearby stars.  LSR (D) is the
   "dynamical" LSR, the point in the solar neighbourhood which is in
   circular orbit around the galactic centre.

   The solar velocity defining the adopted kinematical LSR is 20 km/s
   towards 18 00 00.0 +30 00 00 B1900 (= 18 03 50.3 +30 00 17 J2000).

   The solar velocity with respect to the dynamical LSR is (+9,+12,+7) km/s
   in galactic cartesian coordinates, the equivalent of 16.6 km/s towards
   17 49 58.7 +28 07 04 J2000.

 Galactic rotation:
   The velocity of the dynamical LSR with respect to the galactic centre is
   220 km/s towards L2=90, B2=0.

 Supergalactic:
   The solar velocity with respect to the mean motion of the local group is
   300 km/s towards L2=90, B2=0.

 Heliocentric light-time:
   The light time component to the Sun (listed following the heliocentric
   velocity component) is in seconds and is +ve when the position is less
   than 90deg from the Sun: to correct an observed time SUBTRACT the
   tabulated light time.
1

 Observatory:   ESO VLT, Paranal, Chile: UT1            
                W  70 24 11.6   S 24 37 33

 Starting UTC date:   2003/12/12  =  JD 2452985.5

 Equatorial coordinates:   08 06 00.00  +15 27 00.0   J2000.0
                           08 06 13.63  +15 26 23.8   geocentric apparent

 Galactic coordinates:   L2 = 206.8935  B2 = +23.3071

 Ecliptic coordinates:   L  = 120.4090  B  =  -4.7313  (mean equinox of date)


       UTC            ZD     EARTH         SUN            LSR (K)   LSR (D)     GALAXY    LOCAL GROUP

 2003 12 12 02:00    89.0    -0.40    -19.94 (-370.7)      -8.23    -10.36      +81.03      +104.68
 2003 12 12 02:30    82.6    -0.39    -19.93 (-370.8)      -8.21    -10.34      +81.05      +104.70
 2003 12 12 03:00    76.2    -0.37    -19.90 (-370.9)      -8.19    -10.31      +81.08      +104.73
 2003 12 12 03:30    70.1    -0.35    -19.87 (-371.1)      -8.15    -10.28      +81.11      +104.76
 2003 12 12 04:00    64.3    -0.32    -19.83 (-371.2)      -8.11    -10.24      +81.15      +104.80
 2003 12 12 04:30    58.7    -0.28    -19.78 (-371.3)      -8.07    -10.20      +81.20      +104.84
 2003 12 12 05:00    53.6    -0.24    -19.73 (-371.4)      -8.02    -10.15      +81.25      +104.89
 2003 12 12 05:30    49.0    -0.20    -19.68 (-371.5)      -7.97    -10.09      +81.30      +104.95
 2003 12 12 06:00    45.2    -0.15    -19.62 (-371.6)      -7.91    -10.04      +81.36      +105.00
 2003 12 12 06:30    42.3    -0.10    -19.56 (-371.8)      -7.85     -9.98      +81.41      +105.06
 2003 12 12 07:00    40.5    -0.05    -19.50 (-371.9)      -7.79     -9.92      +81.48      +105.12
 2003 12 12 07:30    40.1    +0.01    -19.44 (-372.0)      -7.73     -9.86      +81.54      +105.18
 2003 12 12 08:00    40.9    +0.06    -19.38 (-372.1)      -7.67     -9.79      +81.60      +105.25
 2003 12 12 08:30    43.1    +0.11    -19.32 (-372.2)      -7.61     -9.73      +81.66      +105.31
 2003 12 12 09:00    46.3    +0.16    -19.26 (-372.4)      -7.55     -9.67      +81.72      +105.36
 2003 12 12 09:30    50.3    +0.21    -19.21 (-372.5)      -7.49     -9.62      +81.77      +105.42
 2003 12 12 10:00    55.1    +0.26    -19.15 (-372.6)      -7.44     -9.57      +81.83      +105.47
 2003 12 12 10:30    60.3    +0.29    -19.11 (-372.7)      -7.39     -9.52      +81.87      +105.52
 2003 12 12 11:00    66.0    +0.33    -19.06 (-372.8)      -7.35     -9.48      +81.92      +105.56
 2003 12 12 11:30    71.9    +0.36    -19.03 (-372.9)      -7.31     -9.44      +81.95      +105.60
 2003 12 12 12:00    78.1    +0.38    -19.00 (-373.0)      -7.28     -9.41      +81.98      +105.63
 2003 12 12 12:30    84.5    +0.40    -18.97 (-373.2)      -7.26     -9.38      +82.01      +105.66
